<?xml version="1.0" encoding="UTF-8"?>
<coverage generated="1780308437306" clover="3.2.0">
  <project timestamp="1780308437307" name="All files">
    <metrics statements="59" coveredstatements="32" conditionals="37" coveredconditionals="19" methods="32" coveredmethods="14" elements="128" coveredelements="65" complexity="0" loc="59" ncloc="59" packages="2" files="6" classes="6"/>
    <package name="components">
      <metrics statements="56" coveredstatements="29" conditionals="37" coveredconditionals="19" methods="31" coveredmethods="13"/>
      <file name="HeroImage.tsx" path="D:\Gen-Ai\visiter\mcp-v7.6\frontend\src\components\HeroImage.tsx">
        <metrics statements="3" coveredstatements="3" conditionals="1" coveredconditionals="1" methods="1" coveredmethods="1"/>
        <line num="7" count="1" type="cond" truecount="1" falsecount="0"/>
        <line num="8" count="5" type="stmt"/>
        <line num="10" count="5" type="stmt"/>
      </file>
      <file name="LoginForm.tsx" path="D:\Gen-Ai\visiter\mcp-v7.6\frontend\src\components\LoginForm.tsx">
        <metrics statements="42" coveredstatements="17" conditionals="30" coveredconditionals="12" methods="24" coveredmethods="8"/>
        <line num="9" count="2" type="stmt"/>
        <line num="10" count="23" type="stmt"/>
        <line num="16" count="2" type="stmt"/>
        <line num="17" count="2" type="stmt"/>
        <line num="23" count="2" type="stmt"/>
        <line num="24" count="21" type="stmt"/>
        <line num="31" count="2" type="stmt"/>
        <line num="36" count="2" type="stmt"/>
        <line num="50" count="2" type="stmt"/>
        <line num="59" count="2" type="stmt"/>
        <line num="84" count="2" type="stmt"/>
        <line num="85" count="23" type="stmt"/>
        <line num="97" count="23" type="stmt"/>
        <line num="98" count="0" type="stmt"/>
        <line num="99" count="0" type="stmt"/>
        <line num="100" count="0" type="stmt"/>
        <line num="101" count="0" type="stmt"/>
        <line num="112" count="0" type="cond" truecount="0" falsecount="2"/>
        <line num="113" count="0" type="stmt"/>
        <line num="114" count="0" type="stmt"/>
        <line num="119" count="0" type="stmt"/>
        <line num="121" count="0" type="stmt"/>
        <line num="122" count="0" type="cond" truecount="0" falsecount="2"/>
        <line num="124" count="0" type="stmt"/>
        <line num="132" count="23" type="stmt"/>
        <line num="133" count="0" type="cond" truecount="0" falsecount="2"/>
        <line num="134" count="0" type="stmt"/>
        <line num="139" count="0" type="stmt"/>
        <line num="141" count="0" type="stmt"/>
        <line num="147" count="0" type="stmt"/>
        <line num="148" count="0" type="stmt"/>
        <line num="153" count="0" type="cond" truecount="0" falsecount="2"/>
        <line num="154" count="0" type="stmt"/>
        <line num="155" count="0" type="stmt"/>
        <line num="160" count="0" type="stmt"/>
        <line num="162" count="0" type="stmt"/>
        <line num="168" count="0" type="stmt"/>
        <line num="176" count="23" type="stmt"/>
        <line num="187" count="0" type="stmt"/>
        <line num="207" count="0" type="stmt"/>
        <line num="215" count="3" type="stmt"/>
        <line num="229" count="1" type="stmt"/>
      </file>
      <file name="Logo.tsx" path="D:\Gen-Ai\visiter\mcp-v7.6\frontend\src\components\Logo.tsx">
        <metrics statements="2" coveredstatements="2" conditionals="0" coveredconditionals="0" methods="1" coveredmethods="1"/>
        <line num="9" count="2" type="stmt"/>
        <line num="10" count="19" type="stmt"/>
      </file>
      <file name="RoleSelector.tsx" path="D:\Gen-Ai\visiter\mcp-v7.6\frontend\src\components\RoleSelector.tsx">
        <metrics statements="5" coveredstatements="4" conditionals="6" coveredconditionals="6" methods="3" coveredmethods="2"/>
        <line num="10" count="2" type="stmt"/>
        <line num="12" count="2" type="stmt"/>
        <line num="13" count="19" type="stmt"/>
        <line num="26" count="57" type="stmt"/>
        <line num="29" count="0" type="stmt"/>
      </file>
      <file name="SignUpLink.tsx" path="D:\Gen-Ai\visiter\mcp-v7.6\frontend\src\components\SignUpLink.tsx">
        <metrics statements="4" coveredstatements="3" conditionals="0" coveredconditionals="0" methods="2" coveredmethods="1"/>
        <line num="4" count="2" type="stmt"/>
        <line num="5" count="19" type="stmt"/>
        <line num="7" count="19" type="stmt"/>
        <line num="20" count="0" type="stmt"/>
      </file>
    </package>
    <package name="pages">
      <metrics statements="3" coveredstatements="3" conditionals="0" coveredconditionals="0" methods="1" coveredmethods="1"/>
      <file name="LoginPage.tsx" path="D:\Gen-Ai\visiter\mcp-v7.6\frontend\src\pages\LoginPage.tsx">
        <metrics statements="3" coveredstatements="3" conditionals="0" coveredconditionals="0" methods="1" coveredmethods="1"/>
        <line num="9" count="2" type="stmt"/>
        <line num="10" count="19" type="stmt"/>
        <line num="12" count="19" type="stmt"/>
      </file>
    </package>
  </project>
</coverage>
