{"D:\\Gen-Ai\\visiter\\mcp-v7.6\\frontend\\src\\components\\HeroImage.tsx": {"path":"D:\\Gen-Ai\\visiter\\mcp-v7.6\\frontend\\src\\components\\HeroImage.tsx","statementMap":{"0":{"start":{"line":7,"column":44},"end":{"line":43,"column":1}},"1":{"start":{"line":8,"column":23},"end":{"line":8,"column":97}},"2":{"start":{"line":10,"column":2},"end":{"line":42,"column":3}}},"fnMap":{"0":{"name":"(anonymous_0)","decl":{"start":{"line":7,"column":44},"end":{"line":7,"column":45}},"loc":{"start":{"line":7,"column":109},"end":{"line":43,"column":1}},"line":7}},"branchMap":{"0":{"loc":{"start":{"line":7,"column":47},"end":{"line":7,"column":102}},"type":"default-arg","locations":[{"start":{"line":7,"column":53},"end":{"line":7,"column":102}}],"line":7}},"s":{"0":1,"1":5,"2":5},"f":{"0":5},"b":{"0":[5]},"_coverageSchema":"1a1c01bbd47fc00a2c39e90264f33305004495a9","hash":"926c8d219f23b401ce52414a75da9d866b493d5c"}
,"D:\\Gen-Ai\\visiter\\mcp-v7.6\\frontend\\src\\components\\LoginForm.tsx": {"path":"D:\\Gen-Ai\\visiter\\mcp-v7.6\\frontend\\src\\components\\LoginForm.tsx","statementMap":{"0":{"start":{"line":9,"column":17},"end":{"line":14,"column":1}},"1":{"start":{"line":10,"column":2},"end":{"line":13,"column":8}},"2":{"start":{"line":16,"column":20},"end":{"line":21,"column":1}},"3":{"start":{"line":17,"column":2},"end":{"line":20,"column":8}},"4":{"start":{"line":23,"column":22},"end":{"line":29,"column":1}},"5":{"start":{"line":24,"column":2},"end":{"line":28,"column":8}},"6":{"start":{"line":31,"column":49},"end":{"line":34,"column":1}},"7":{"start":{"line":36,"column":40},"end":{"line":48,"column":1}},"8":{"start":{"line":50,"column":40},"end":{"line":57,"column":1}},"9":{"start":{"line":59,"column":39},"end":{"line":70,"column":1}},"10":{"start":{"line":84,"column":44},"end":{"line":346,"column":1}},"11":{"start":{"line":85,"column":28},"end":{"line":95,"column":4}},"12":{"start":{"line":97,"column":23},"end":{"line":130,"column":3}},"13":{"start":{"line":98,"column":4},"end":{"line":98,"column":22}},"14":{"start":{"line":99,"column":4},"end":{"line":99,"column":67}},"15":{"start":{"line":99,"column":24},"end":{"line":99,"column":65}},"16":{"start":{"line":100,"column":4},"end":{"line":129,"column":5}},"17":{"start":{"line":101,"column":23},"end":{"line":111,"column":8}},"18":{"start":{"line":112,"column":6},"end":{"line":120,"column":7}},"19":{"start":{"line":113,"column":21},"end":{"line":113,"column":60}},"20":{"start":{"line":113,"column":56},"end":{"line":113,"column":58}},"21":{"start":{"line":114,"column":8},"end":{"line":118,"column":11}},"22":{"start":{"line":114,"column":28},"end":{"line":118,"column":9}},"23":{"start":{"line":119,"column":8},"end":{"line":119,"column":14}},"24":{"start":{"line":121,"column":19},"end":{"line":121,"column":68}},"25":{"start":{"line":122,"column":6},"end":{"line":122,"column":52}},"26":{"start":{"line":124,"column":6},"end":{"line":128,"column":9}},"27":{"start":{"line":124,"column":26},"end":{"line":128,"column":7}},"28":{"start":{"line":132,"column":31},"end":{"line":174,"column":3}},"29":{"start":{"line":133,"column":4},"end":{"line":140,"column":5}},"30":{"start":{"line":134,"column":6},"end":{"line":138,"column":9}},"31":{"start":{"line":134,"column":26},"end":{"line":138,"column":7}},"32":{"start":{"line":139,"column":6},"end":{"line":139,"column":12}},"33":{"start":{"line":141,"column":4},"end":{"line":146,"column":7}},"34":{"start":{"line":141,"column":24},"end":{"line":146,"column":5}},"35":{"start":{"line":147,"column":4},"end":{"line":173,"column":5}},"36":{"start":{"line":148,"column":23},"end":{"line":152,"column":8}},"37":{"start":{"line":153,"column":6},"end":{"line":161,"column":7}},"38":{"start":{"line":154,"column":21},"end":{"line":154,"column":60}},"39":{"start":{"line":154,"column":56},"end":{"line":154,"column":58}},"40":{"start":{"line":155,"column":8},"end":{"line":159,"column":11}},"41":{"start":{"line":155,"column":28},"end":{"line":159,"column":9}},"42":{"start":{"line":160,"column":8},"end":{"line":160,"column":14}},"43":{"start":{"line":162,"column":6},"end":{"line":166,"column":9}},"44":{"start":{"line":162,"column":26},"end":{"line":166,"column":7}},"45":{"start":{"line":168,"column":6},"end":{"line":172,"column":9}},"46":{"start":{"line":168,"column":26},"end":{"line":172,"column":7}},"47":{"start":{"line":176,"column":2},"end":{"line":345,"column":3}},"48":{"start":{"line":187,"column":29},"end":{"line":187,"column":88}},"49":{"start":{"line":187,"column":49},"end":{"line":187,"column":86}},"50":{"start":{"line":207,"column":29},"end":{"line":207,"column":88}},"51":{"start":{"line":207,"column":49},"end":{"line":207,"column":86}},"52":{"start":{"line":215,"column":27},"end":{"line":215,"column":94}},"53":{"start":{"line":215,"column":47},"end":{"line":215,"column":92}},"54":{"start":{"line":229,"column":29},"end":{"line":229,"column":96}},"55":{"start":{"line":229,"column":49},"end":{"line":229,"column":94}}},"fnMap":{"0":{"name":"(anonymous_0)","decl":{"start":{"line":9,"column":17},"end":{"line":9,"column":18}},"loc":{"start":{"line":10,"column":2},"end":{"line":13,"column":8}},"line":10},"1":{"name":"(anonymous_1)","decl":{"start":{"line":16,"column":20},"end":{"line":16,"column":21}},"loc":{"start":{"line":17,"column":2},"end":{"line":20,"column":8}},"line":17},"2":{"name":"(anonymous_2)","decl":{"start":{"line":23,"column":22},"end":{"line":23,"column":23}},"loc":{"start":{"line":24,"column":2},"end":{"line":28,"column":8}},"line":24},"3":{"name":"(anonymous_3)","decl":{"start":{"line":84,"column":44},"end":{"line":84,"column":45}},"loc":{"start":{"line":84,"column":66},"end":{"line":346,"column":1}},"line":84},"4":{"name":"(anonymous_4)","decl":{"start":{"line":97,"column":23},"end":{"line":97,"column":24}},"loc":{"start":{"line":97,"column":53},"end":{"line":130,"column":3}},"line":97},"5":{"name":"(anonymous_5)","decl":{"start":{"line":99,"column":13},"end":{"line":99,"column":14}},"loc":{"start":{"line":99,"column":24},"end":{"line":99,"column":65}},"line":99},"6":{"name":"(anonymous_6)","decl":{"start":{"line":113,"column":49},"end":{"line":113,"column":50}},"loc":{"start":{"line":113,"column":56},"end":{"line":113,"column":58}},"line":113},"7":{"name":"(anonymous_7)","decl":{"start":{"line":114,"column":17},"end":{"line":114,"column":18}},"loc":{"start":{"line":114,"column":28},"end":{"line":118,"column":9}},"line":114},"8":{"name":"(anonymous_8)","decl":{"start":{"line":124,"column":15},"end":{"line":124,"column":16}},"loc":{"start":{"line":124,"column":26},"end":{"line":128,"column":7}},"line":124},"9":{"name":"(anonymous_9)","decl":{"start":{"line":132,"column":31},"end":{"line":132,"column":32}},"loc":{"start":{"line":132,"column":43},"end":{"line":174,"column":3}},"line":132},"10":{"name":"(anonymous_10)","decl":{"start":{"line":134,"column":15},"end":{"line":134,"column":16}},"loc":{"start":{"line":134,"column":26},"end":{"line":138,"column":7}},"line":134},"11":{"name":"(anonymous_11)","decl":{"start":{"line":141,"column":13},"end":{"line":141,"column":14}},"loc":{"start":{"line":141,"column":24},"end":{"line":146,"column":5}},"line":141},"12":{"name":"(anonymous_12)","decl":{"start":{"line":154,"column":49},"end":{"line":154,"column":50}},"loc":{"start":{"line":154,"column":56},"end":{"line":154,"column":58}},"line":154},"13":{"name":"(anonymous_13)","decl":{"start":{"line":155,"column":17},"end":{"line":155,"column":18}},"loc":{"start":{"line":155,"column":28},"end":{"line":159,"column":9}},"line":155},"14":{"name":"(anonymous_14)","decl":{"start":{"line":162,"column":15},"end":{"line":162,"column":16}},"loc":{"start":{"line":162,"column":26},"end":{"line":166,"column":7}},"line":162},"15":{"name":"(anonymous_15)","decl":{"start":{"line":168,"column":15},"end":{"line":168,"column":16}},"loc":{"start":{"line":168,"column":26},"end":{"line":172,"column":7}},"line":168},"16":{"name":"(anonymous_16)","decl":{"start":{"line":187,"column":22},"end":{"line":187,"column":23}},"loc":{"start":{"line":187,"column":29},"end":{"line":187,"column":88}},"line":187},"17":{"name":"(anonymous_17)","decl":{"start":{"line":187,"column":38},"end":{"line":187,"column":39}},"loc":{"start":{"line":187,"column":49},"end":{"line":187,"column":86}},"line":187},"18":{"name":"(anonymous_18)","decl":{"start":{"line":207,"column":22},"end":{"line":207,"column":23}},"loc":{"start":{"line":207,"column":29},"end":{"line":207,"column":88}},"line":207},"19":{"name":"(anonymous_19)","decl":{"start":{"line":207,"column":38},"end":{"line":207,"column":39}},"loc":{"start":{"line":207,"column":49},"end":{"line":207,"column":86}},"line":207},"20":{"name":"(anonymous_20)","decl":{"start":{"line":215,"column":21},"end":{"line":215,"column":22}},"loc":{"start":{"line":215,"column":27},"end":{"line":215,"column":94}},"line":215},"21":{"name":"(anonymous_21)","decl":{"start":{"line":215,"column":36},"end":{"line":215,"column":37}},"loc":{"start":{"line":215,"column":47},"end":{"line":215,"column":92}},"line":215},"22":{"name":"(anonymous_22)","decl":{"start":{"line":229,"column":22},"end":{"line":229,"column":23}},"loc":{"start":{"line":229,"column":29},"end":{"line":229,"column":96}},"line":229},"23":{"name":"(anonymous_23)","decl":{"start":{"line":229,"column":38},"end":{"line":229,"column":39}},"loc":{"start":{"line":229,"column":49},"end":{"line":229,"column":94}},"line":229}},"branchMap":{"0":{"loc":{"start":{"line":112,"column":6},"end":{"line":120,"column":7}},"type":"if","locations":[{"start":{"line":112,"column":6},"end":{"line":120,"column":7}},{"start":{},"end":{}}],"line":112},"1":{"loc":{"start":{"line":117,"column":17},"end":{"line":117,"column":90}},"type":"binary-expr","locations":[{"start":{"line":117,"column":17},"end":{"line":117,"column":53}},{"start":{"line":117,"column":57},"end":{"line":117,"column":90}}],"line":117},"2":{"loc":{"start":{"line":122,"column":29},"end":{"line":122,"column":52}},"type":"binary-expr","locations":[{"start":{"line":122,"column":29},"end":{"line":122,"column":45}},{"start":{"line":122,"column":49},"end":{"line":122,"column":52}}],"line":122},"3":{"loc":{"start":{"line":133,"column":4},"end":{"line":140,"column":5}},"type":"if","locations":[{"start":{"line":133,"column":4},"end":{"line":140,"column":5}},{"start":{},"end":{}}],"line":133},"4":{"loc":{"start":{"line":153,"column":6},"end":{"line":161,"column":7}},"type":"if","locations":[{"start":{"line":153,"column":6},"end":{"line":161,"column":7}},{"start":{},"end":{}}],"line":153},"5":{"loc":{"start":{"line":158,"column":31},"end":{"line":158,"column":118}},"type":"binary-expr","locations":[{"start":{"line":158,"column":31},"end":{"line":158,"column":67}},{"start":{"line":158,"column":71},"end":{"line":158,"column":118}}],"line":158},"6":{"loc":{"start":{"line":204,"column":18},"end":{"line":204,"column":58}},"type":"cond-expr","locations":[{"start":{"line":204,"column":39},"end":{"line":204,"column":45}},{"start":{"line":204,"column":48},"end":{"line":204,"column":58}}],"line":204},"7":{"loc":{"start":{"line":216,"column":24},"end":{"line":216,"column":78}},"type":"cond-expr","locations":[{"start":{"line":216,"column":45},"end":{"line":216,"column":60}},{"start":{"line":216,"column":63},"end":{"line":216,"column":78}}],"line":216},"8":{"loc":{"start":{"line":218,"column":13},"end":{"line":218,"column":69}},"type":"cond-expr","locations":[{"start":{"line":218,"column":34},"end":{"line":218,"column":49}},{"start":{"line":218,"column":52},"end":{"line":218,"column":69}}],"line":218},"9":{"loc":{"start":{"line":271,"column":7},"end":{"line":286,"column":7}},"type":"binary-expr","locations":[{"start":{"line":271,"column":7},"end":{"line":271,"column":18}},{"start":{"line":272,"column":8},"end":{"line":285,"column":12}}],"line":271},"10":{"loc":{"start":{"line":289,"column":7},"end":{"line":304,"column":7}},"type":"binary-expr","locations":[{"start":{"line":289,"column":7},"end":{"line":289,"column":34}},{"start":{"line":290,"column":8},"end":{"line":303,"column":12}}],"line":289},"11":{"loc":{"start":{"line":307,"column":7},"end":{"line":322,"column":7}},"type":"binary-expr","locations":[{"start":{"line":307,"column":7},"end":{"line":307,"column":32}},{"start":{"line":308,"column":8},"end":{"line":321,"column":12}}],"line":307},"12":{"loc":{"start":{"line":332,"column":27},"end":{"line":332,"column":66}},"type":"cond-expr","locations":[{"start":{"line":332,"column":45},"end":{"line":332,"column":54}},{"start":{"line":332,"column":57},"end":{"line":332,"column":66}}],"line":332},"13":{"loc":{"start":{"line":338,"column":18},"end":{"line":338,"column":61}},"type":"cond-expr","locations":[{"start":{"line":338,"column":36},"end":{"line":338,"column":49}},{"start":{"line":338,"column":52},"end":{"line":338,"column":61}}],"line":338},"14":{"loc":{"start":{"line":342,"column":9},"end":{"line":342,"column":52}},"type":"cond-expr","locations":[{"start":{"line":342,"column":27},"end":{"line":342,"column":42}},{"start":{"line":342,"column":45},"end":{"line":342,"column":52}}],"line":342}},"s":{"0":2,"1":23,"2":2,"3":2,"4":2,"5":21,"6":2,"7":2,"8":2,"9":2,"10":2,"11":23,"12":23,"13":0,"14":0,"15":0,"16":0,"17":0,"18":0,"19":0,"20":0,"21":0,"22":0,"23":0,"24":0,"25":0,"26":0,"27":0,"28":23,"29":0,"30":0,"31":0,"32":0,"33":0,"34":0,"35":0,"36":0,"37":0,"38":0,"39":0,"40":0,"41":0,"42":0,"43":0,"44":0,"45":0,"46":0,"47":23,"48":0,"49":0,"50":0,"51":0,"52":3,"53":3,"54":1,"55":1},"f":{"0":23,"1":2,"2":21,"3":23,"4":0,"5":0,"6":0,"7":0,"8":0,"9":0,"10":0,"11":0,"12":0,"13":0,"14":0,"15":0,"16":0,"17":0,"18":0,"19":0,"20":3,"21":3,"22":1,"23":1},"b":{"0":[0,0],"1":[0,0],"2":[0,0],"3":[0,0],"4":[0,0],"5":[0,0],"6":[2,21],"7":[2,21],"8":[2,21],"9":[23,0],"10":[23,0],"11":[23,0],"12":[0,23],"13":[0,23],"14":[0,23]},"_coverageSchema":"1a1c01bbd47fc00a2c39e90264f33305004495a9","hash":"5f97a762385ef6eb9145927eef0516faf6d7a1ba"}
,"D:\\Gen-Ai\\visiter\\mcp-v7.6\\frontend\\src\\components\\Logo.tsx": {"path":"D:\\Gen-Ai\\visiter\\mcp-v7.6\\frontend\\src\\components\\Logo.tsx","statementMap":{"0":{"start":{"line":9,"column":23},"end":{"line":76,"column":1}},"1":{"start":{"line":10,"column":2},"end":{"line":75,"column":8}}},"fnMap":{"0":{"name":"(anonymous_0)","decl":{"start":{"line":9,"column":23},"end":{"line":9,"column":24}},"loc":{"start":{"line":10,"column":2},"end":{"line":75,"column":8}},"line":10}},"branchMap":{},"s":{"0":2,"1":19},"f":{"0":19},"b":{},"_coverageSchema":"1a1c01bbd47fc00a2c39e90264f33305004495a9","hash":"9b44a0df34bb556484cf2347f842dd3cf3137323"}
,"D:\\Gen-Ai\\visiter\\mcp-v7.6\\frontend\\src\\components\\RoleSelector.tsx": {"path":"D:\\Gen-Ai\\visiter\\mcp-v7.6\\frontend\\src\\components\\RoleSelector.tsx","statementMap":{"0":{"start":{"line":10,"column":22},"end":{"line":10,"column":65}},"1":{"start":{"line":12,"column":50},"end":{"line":50,"column":1}},"2":{"start":{"line":13,"column":2},"end":{"line":49,"column":3}},"3":{"start":{"line":26,"column":8},"end":{"line":46,"column":17}},"4":{"start":{"line":29,"column":25},"end":{"line":29,"column":43}}},"fnMap":{"0":{"name":"(anonymous_0)","decl":{"start":{"line":12,"column":50},"end":{"line":12,"column":51}},"loc":{"start":{"line":12,"column":86},"end":{"line":50,"column":1}},"line":12},"1":{"name":"(anonymous_1)","decl":{"start":{"line":25,"column":17},"end":{"line":25,"column":18}},"loc":{"start":{"line":26,"column":8},"end":{"line":46,"column":17}},"line":26},"2":{"name":"(anonymous_2)","decl":{"start":{"line":29,"column":19},"end":{"line":29,"column":20}},"loc":{"start":{"line":29,"column":25},"end":{"line":29,"column":43}},"line":29}},"branchMap":{"0":{"loc":{"start":{"line":37,"column":24},"end":{"line":37,"column":57}},"type":"cond-expr","locations":[{"start":{"line":37,"column":48},"end":{"line":37,"column":51}},{"start":{"line":37,"column":54},"end":{"line":37,"column":57}}],"line":37},"1":{"loc":{"start":{"line":39,"column":19},"end":{"line":39,"column":64}},"type":"cond-expr","locations":[{"start":{"line":39,"column":43},"end":{"line":39,"column":52}},{"start":{"line":39,"column":55},"end":{"line":39,"column":64}}],"line":39},"2":{"loc":{"start":{"line":40,"column":29},"end":{"line":40,"column":78}},"type":"cond-expr","locations":[{"start":{"line":40,"column":53},"end":{"line":40,"column":62}},{"start":{"line":40,"column":65},"end":{"line":40,"column":78}}],"line":40}},"s":{"0":2,"1":2,"2":19,"3":57,"4":0},"f":{"0":19,"1":57,"2":0},"b":{"0":[19,38],"1":[19,38],"2":[19,38]},"_coverageSchema":"1a1c01bbd47fc00a2c39e90264f33305004495a9","hash":"11ee706c636ec1a690a8b2b5e5aef680c8aebf46"}
,"D:\\Gen-Ai\\visiter\\mcp-v7.6\\frontend\\src\\components\\SignUpLink.tsx": {"path":"D:\\Gen-Ai\\visiter\\mcp-v7.6\\frontend\\src\\components\\SignUpLink.tsx","statementMap":{"0":{"start":{"line":4,"column":29},"end":{"line":37,"column":1}},"1":{"start":{"line":5,"column":19},"end":{"line":5,"column":32}},"2":{"start":{"line":7,"column":2},"end":{"line":36,"column":3}},"3":{"start":{"line":20,"column":23},"end":{"line":20,"column":44}}},"fnMap":{"0":{"name":"(anonymous_0)","decl":{"start":{"line":4,"column":29},"end":{"line":4,"column":30}},"loc":{"start":{"line":4,"column":35},"end":{"line":37,"column":1}},"line":4},"1":{"name":"(anonymous_1)","decl":{"start":{"line":20,"column":17},"end":{"line":20,"column":18}},"loc":{"start":{"line":20,"column":23},"end":{"line":20,"column":44}},"line":20}},"branchMap":{},"s":{"0":2,"1":19,"2":19,"3":0},"f":{"0":19,"1":0},"b":{},"_coverageSchema":"1a1c01bbd47fc00a2c39e90264f33305004495a9","hash":"6419ae0cc3b3c4f3fa55d0b3ab93da70103bdb48"}
,"D:\\Gen-Ai\\visiter\\mcp-v7.6\\frontend\\src\\pages\\LoginPage.tsx": {"path":"D:\\Gen-Ai\\visiter\\mcp-v7.6\\frontend\\src\\pages\\LoginPage.tsx","statementMap":{"0":{"start":{"line":9,"column":28},"end":{"line":140,"column":1}},"1":{"start":{"line":10,"column":42},"end":{"line":10,"column":65}},"2":{"start":{"line":12,"column":2},"end":{"line":139,"column":3}}},"fnMap":{"0":{"name":"(anonymous_0)","decl":{"start":{"line":9,"column":28},"end":{"line":9,"column":29}},"loc":{"start":{"line":9,"column":34},"end":{"line":140,"column":1}},"line":9}},"branchMap":{},"s":{"0":2,"1":19,"2":19},"f":{"0":19},"b":{},"_coverageSchema":"1a1c01bbd47fc00a2c39e90264f33305004495a9","hash":"60dc5468cdbbb9069fa17d9a9dd040dadfbedb52"}
}
