TN:
SF:src\components\HeroImage.tsx
FN:7,(anonymous_0)
FNF:1
FNH:1
FNDA:5,(anonymous_0)
DA:7,1
DA:8,5
DA:10,5
LF:3
LH:3
BRDA:7,0,0,5
BRF:1
BRH:1
end_of_record
TN:
SF:src\components\LoginForm.tsx
FN:9,(anonymous_0)
FN:16,(anonymous_1)
FN:23,(anonymous_2)
FN:84,(anonymous_3)
FN:97,(anonymous_4)
FN:99,(anonymous_5)
FN:113,(anonymous_6)
FN:114,(anonymous_7)
FN:124,(anonymous_8)
FN:132,(anonymous_9)
FN:134,(anonymous_10)
FN:141,(anonymous_11)
FN:154,(anonymous_12)
FN:155,(anonymous_13)
FN:162,(anonymous_14)
FN:168,(anonymous_15)
FN:187,(anonymous_16)
FN:187,(anonymous_17)
FN:207,(anonymous_18)
FN:207,(anonymous_19)
FN:215,(anonymous_20)
FN:215,(anonymous_21)
FN:229,(anonymous_22)
FN:229,(anonymous_23)
FNF:24
FNH:8
FNDA:23,(anonymous_0)
FNDA:2,(anonymous_1)
FNDA:21,(anonymous_2)
FNDA:23,(anonymous_3)
FNDA:0,(anonymous_4)
FNDA:0,(anonymous_5)
FNDA:0,(anonymous_6)
FNDA:0,(anonymous_7)
FNDA:0,(anonymous_8)
FNDA:0,(anonymous_9)
FNDA:0,(anonymous_10)
FNDA:0,(anonymous_11)
FNDA:0,(anonymous_12)
FNDA:0,(anonymous_13)
FNDA:0,(anonymous_14)
FNDA:0,(anonymous_15)
FNDA:0,(anonymous_16)
FNDA:0,(anonymous_17)
FNDA:0,(anonymous_18)
FNDA:0,(anonymous_19)
FNDA:3,(anonymous_20)
FNDA:3,(anonymous_21)
FNDA:1,(anonymous_22)
FNDA:1,(anonymous_23)
DA:9,2
DA:10,23
DA:16,2
DA:17,2
DA:23,2
DA:24,21
DA:31,2
DA:36,2
DA:50,2
DA:59,2
DA:84,2
DA:85,23
DA:97,23
DA:98,0
DA:99,0
DA:100,0
DA:101,0
DA:112,0
DA:113,0
DA:114,0
DA:119,0
DA:121,0
DA:122,0
DA:124,0
DA:132,23
DA:133,0
DA:134,0
DA:139,0
DA:141,0
DA:147,0
DA:148,0
DA:153,0
DA:154,0
DA:155,0
DA:160,0
DA:162,0
DA:168,0
DA:176,23
DA:187,0
DA:207,0
DA:215,3
DA:229,1
LF:42
LH:17
BRDA:112,0,0,0
BRDA:112,0,1,0
BRDA:117,1,0,0
BRDA:117,1,1,0
BRDA:122,2,0,0
BRDA:122,2,1,0
BRDA:133,3,0,0
BRDA:133,3,1,0
BRDA:153,4,0,0
BRDA:153,4,1,0
BRDA:158,5,0,0
BRDA:158,5,1,0
BRDA:204,6,0,2
BRDA:204,6,1,21
BRDA:216,7,0,2
BRDA:216,7,1,21
BRDA:218,8,0,2
BRDA:218,8,1,21
BRDA:271,9,0,23
BRDA:271,9,1,0
BRDA:289,10,0,23
BRDA:289,10,1,0
BRDA:307,11,0,23
BRDA:307,11,1,0
BRDA:332,12,0,0
BRDA:332,12,1,23
BRDA:338,13,0,0
BRDA:338,13,1,23
BRDA:342,14,0,0
BRDA:342,14,1,23
BRF:30
BRH:12
end_of_record
TN:
SF:src\components\Logo.tsx
FN:9,(anonymous_0)
FNF:1
FNH:1
FNDA:19,(anonymous_0)
DA:9,2
DA:10,19
LF:2
LH:2
BRF:0
BRH:0
end_of_record
TN:
SF:src\components\RoleSelector.tsx
FN:12,(anonymous_0)
FN:25,(anonymous_1)
FN:29,(anonymous_2)
FNF:3
FNH:2
FNDA:19,(anonymous_0)
FNDA:57,(anonymous_1)
FNDA:0,(anonymous_2)
DA:10,2
DA:12,2
DA:13,19
DA:26,57
DA:29,0
LF:5
LH:4
BRDA:37,0,0,19
BRDA:37,0,1,38
BRDA:39,1,0,19
BRDA:39,1,1,38
BRDA:40,2,0,19
BRDA:40,2,1,38
BRF:6
BRH:6
end_of_record
TN:
SF:src\components\SignUpLink.tsx
FN:4,(anonymous_0)
FN:20,(anonymous_1)
FNF:2
FNH:1
FNDA:19,(anonymous_0)
FNDA:0,(anonymous_1)
DA:4,2
DA:5,19
DA:7,19
DA:20,0
LF:4
LH:3
BRF:0
BRH:0
end_of_record
TN:
SF:src\pages\LoginPage.tsx
FN:9,(anonymous_0)
FNF:1
FNH:1
FNDA:19,(anonymous_0)
DA:9,2
DA:10,19
DA:12,19
LF:3
LH:3
BRF:0
BRH:0
end_of_record
